<?xml version="1.0" encoding="UTF-8"?>
<!-- Generated by org.testng.reporters.JUnitReportReporter -->
<testsuite hostname="TBLSYS010" failures="0" tests="1" name="first.SimpleGetTest" time="4.855" errors="0" timestamp="16 Aug 2018 11:39:35 GMT" skipped="0">
  <testcase classname="first.SimpleGetTest" name="GetWeatherDetails" time="4.855"/>
</testsuite> <!-- first.SimpleGetTest -->
